\BOOKMARK [0][-]{chapter*.2}{Introduction}{}% 1
\BOOKMARK [0][-]{chapter.1}{Vaman-ESP32}{}% 2
\BOOKMARK [1][-]{section.1.1}{Flash Vaman-ESP32 using Arduino}{chapter.1}% 3
\BOOKMARK [1][-]{section.1.2}{Measuring Unknown Resistance Using Vaman-ESP}{chapter.1}% 4
\BOOKMARK [2][-]{subsection.1.2.1}{Components}{section.1.2}% 5
\BOOKMARK [2][-]{subsection.1.2.2}{Setting up the Display}{section.1.2}% 6
\BOOKMARK [2][-]{subsection.1.2.3}{Measuring the resistance}{section.1.2}% 7
\BOOKMARK [2][-]{subsection.1.2.4}{Displaying the Measured resistance on LCD and website}{section.1.2}% 8
\BOOKMARK [2][-]{subsection.1.2.5}{Explanation}{section.1.2}% 9
\BOOKMARK [1][-]{section.1.3}{I2C Communication Between Vaman-ESP and Arduino}{chapter.1}% 10
\BOOKMARK [2][-]{subsection.1.3.1}{Components}{section.1.3}% 11
\BOOKMARK [2][-]{subsection.1.3.2}{Setting up the Master and Slave}{section.1.3}% 12
\BOOKMARK [1][-]{section.1.4}{UART Communication between Vaman-ESP and Arduino}{chapter.1}% 13
\BOOKMARK [2][-]{subsection.1.4.1}{Components}{section.1.4}% 14
\BOOKMARK [2][-]{subsection.1.4.2}{Connections}{section.1.4}% 15
\BOOKMARK [2][-]{subsection.1.4.3}{Measuring the resistance}{section.1.4}% 16
\BOOKMARK [2][-]{subsection.1.4.4}{Displaying the Measured resistance on website}{section.1.4}% 17
\BOOKMARK [1][-]{section.1.5}{Bluetooth Controlled Seven segment Display}{chapter.1}% 18
\BOOKMARK [2][-]{subsection.1.5.1}{Components}{section.1.5}% 19
\BOOKMARK [2][-]{subsection.1.5.2}{Connections}{section.1.5}% 20
\BOOKMARK [1][-]{section.1.6}{wifi Controlled Seven segment Display}{chapter.1}% 21
\BOOKMARK [2][-]{subsection.1.6.1}{ Connections }{section.1.6}% 22
\BOOKMARK [0][-]{chapter.2}{Toy car}{}% 23
\BOOKMARK [1][-]{section.2.1}{Components Table}{chapter.2}% 24
\BOOKMARK [1][-]{section.2.2}{Assembling the UGV kit}{chapter.2}% 25
\BOOKMARK [1][-]{section.2.3}{Circuit Connections}{chapter.2}% 26
\BOOKMARK [1][-]{section.2.4}{Code Execution For Bluetooth Toycar}{chapter.2}% 27
\BOOKMARK [1][-]{section.2.5}{Code Execution for Integrated Bluetooth Toycar}{chapter.2}% 28
\BOOKMARK [2][-]{subsection.2.5.1}{Working }{section.2.5}% 29
